Running: D:\Xilinx\14.7\ISE_DS\ISE\bin\nt64\unwrapped\fuse.exe -intstyle ise -incremental -o D:/Projects/ProjektMateuszSiebiatynski/test_main_isim_beh.exe -prj D:/Projects/ProjektMateuszSiebiatynski/test_main_beh.prj work.test_main 
ISim P.20131013 (signature 0x7708f090)
Number of CPUs detected in this system: 8
Turning on mult-threading, number of parallel sub-compilation jobs: 16 
Determining compilation order of HDL files
Parsing VHDL file "D:/Projects/ProjektMateuszSiebiatynski/main.vhd" into library work
Parsing VHDL file "D:/Projects/ProjektMateuszSiebiatynski/test_main.vhd" into library work
Starting static elaboration
Completed static elaboration
Compiling package standard
Compiling package std_logic_1164
Compiling package numeric_std
Compiling package std_logic_arith
Compiling package std_logic_unsigned
Compiling architecture arch of entity main [main_default]
Compiling architecture arch of entity test_main
Time Resolution for simulation is 1ps.
Waiting for 1 sub-compilation(s) to finish...
Compiled 8 VHDL Units
Built simulation executable D:/Projects/ProjektMateuszSiebiatynski/test_main_isim_beh.exe
Fuse Memory Usage: 37720 KB
Fuse CPU Usage: 452 ms
